<?xml version="1.0" encoding="utf-8"?><testsuites name="pytest tests"><testsuite name="pytest" errors="0" failures="0" skipped="0" tests="25" time="11.380" timestamp="2026-06-22T19:01:49.151983+00:00" hostname="agent-env-cd708c98-c78e-42e0-a431-8ef44a4bd4ff"><testcase classname="backend.tests.test_roamsync_api.TestAuth" name="test_health" time="0.175" /><testcase classname="backend.tests.test_roamsync_api.TestAuth" name="test_register_duplicate" time="1.548" /><testcase classname="backend.tests.test_roamsync_api.TestAuth" name="test_login_and_me" time="0.432" /><testcase classname="backend.tests.test_roamsync_api.TestAuth" name="test_login_invalid" time="0.332" /><testcase classname="backend.tests.test_roamsync_api.TestAuth" name="test_me_no_token" time="0.092" /><testcase classname="backend.tests.test_roamsync_api.TestAuth" name="test_update_profile" time="0.123" /><testcase classname="backend.tests.test_roamsync_api.TestTrips" name="test_create_get_list_trip" time="0.749" /><testcase classname="backend.tests.test_roamsync_api.TestTrips" name="test_update_trip_admin" time="0.096" /><testcase classname="backend.tests.test_roamsync_api.TestTrips" name="test_update_trip_viewer_forbidden" time="0.113" /><testcase classname="backend.tests.test_roamsync_api.TestTrips" name="test_join_invalid_code" time="0.323" /><testcase classname="backend.tests.test_roamsync_api.TestTrips" name="test_join_already_member" time="0.145" /><testcase classname="backend.tests.test_roamsync_api.TestTrips" name="test_list_members" time="0.108" /><testcase classname="backend.tests.test_roamsync_api.TestTrips" name="test_storage_admin_only" time="0.212" /><testcase classname="backend.tests.test_roamsync_api.TestItinerary" name="test_full_itinerary_flow" time="1.209" /><testcase classname="backend.tests.test_roamsync_api.TestTravel" name="test_travel_crud" time="0.525" /><testcase classname="backend.tests.test_roamsync_api.TestExpenses" name="test_split_methods_group" time="0.884" /><testcase classname="backend.tests.test_roamsync_api.TestExpenses" name="test_family_aggregation" time="0.653" /><testcase classname="backend.tests.test_roamsync_api.TestTransactions" name="test_transactions_reduce_balance" time="0.587" /><testcase classname="backend.tests.test_roamsync_api.TestMedia" name="test_folders_and_media" time="1.370" /><testcase classname="backend.tests.test_roamsync_api.TestDining" name="test_dining_split" time="0.782" /><testcase classname="backend.tests.test_roamsync_api.TestWrapped" name="test_wrapped" time="0.140" /><testcase classname="backend.tests.test_roamsync_api.TestRBAC" name="test_non_member_cannot_access" time="0.096" /><testcase classname="backend.tests.test_roamsync_api.TestRBAC" name="test_member_cannot_manage_members" time="0.118" /><testcase classname="backend.tests.test_roamsync_api.TestRBAC" name="test_member_cannot_delete_trip" time="0.119" /><testcase classname="backend.tests.test_roamsync_api.TestZZ_Cleanup" name="test_delete_trips" time="0.331" /></testsuite></testsuites>