<?xml version="1.0" encoding="utf-8"?><testsuites name="pytest tests"><testsuite name="pytest" errors="0" failures="0" skipped="0" tests="12" time="7.464" timestamp="2026-06-23T02:53:59.971765+00:00" hostname="agent-env-cd708c98-c78e-42e0-a431-8ef44a4bd4ff"><testcase classname="backend.tests.test_new_features.TestBYOS" name="test_config_lists_both_providers_unconfigured" time="0.660" /><testcase classname="backend.tests.test_new_features.TestBYOS" name="test_start_unconfigured_returns_400_not_500" time="0.870" /><testcase classname="backend.tests.test_new_features.TestBYOS" name="test_start_invalid_token_returns_400_not_configured_first" time="0.095" /><testcase classname="backend.tests.test_new_features.TestBYOS" name="test_start_unknown_provider_returns_404" time="0.149" /><testcase classname="backend.tests.test_new_features.TestBYOS" name="test_disconnect_storage_admin" time="0.914" /><testcase classname="backend.tests.test_new_features.TestAddMemberByEmail" name="test_add_existing_user_as_member" time="0.263" /><testcase classname="backend.tests.test_new_features.TestAddMemberByEmail" name="test_add_already_member_400" time="0.103" /><testcase classname="backend.tests.test_new_features.TestAddMemberByEmail" name="test_add_unknown_email_404" time="0.093" /><testcase classname="backend.tests.test_new_features.TestAddMemberByEmail" name="test_non_admin_forbidden" time="0.101" /><testcase classname="backend.tests.test_new_features.TestTicketExtraction" name="test_extract_boarding_pass" time="3.024" /><testcase classname="backend.tests.test_new_features.TestMediaRegressionNoBYOS" name="test_media_post_stores_base64_when_no_byos" time="0.223" /><testcase classname="backend.tests.test_new_features.TestMediaRegressionNoBYOS" name="test_trip_expense_itinerary_endpoints_still_200" time="0.806" /></testsuite></testsuites>